[16:22:43] [main/INFO]: Loading Minecraft 1.21 with Fabric Loader 0.16.0
[16:22:43] [ForkJoinPool-1-worker-9/WARN]: The mod "betterstats" contains invalid entries in its mod json:
- Unsupported root entry "" at line 26 column 4
- Unsupported root entry "" at line 26 column 92
- Unsupported root entry "" at line 28 column 4
- Unsupported root entry "" at line 28 column 24
[16:22:43] [ForkJoinPool-1-worker-6/WARN]: The mod "tcdcommons" contains invalid entries in its mod json:
- Unsupported root entry "" at line 27 column 4
- Unsupported root entry "" at line 27 column 198
- Unsupported root entry "" at line 29 column 4
- Unsupported root entry "" at line 29 column 24
[16:22:43] [main/INFO]: Loading 286 mods:
	- accurateblockplacement 1.2.5
	- appleskin 3.0.2+mc1.21
	- architectury 13.0.6
	- betterbeds 1.4.0
	- bettercommandblockui 0.5.2
	- betterf3 11.0.1
	- bettersavedhotbars 1.3.1
	- betterstats 3.12.4+fabric-1.21
	- blur 4.1.0
	   \-- midnightlib 1.5.7
	- c2me 0.2.0+alpha.11.107+1.21
	   |-- c2me-base 0.2.0+alpha.11.107+1.21
	   |-- c2me-client-uncapvd 0.2.0+alpha.11.107+1.21
	   |-- c2me-fixes-chunkio-threading-issues 0.2.0+alpha.11.107+1.21
	   |-- c2me-fixes-general-threading-issues 0.2.0+alpha.11.107+1.21
	   |-- c2me-fixes-worldgen-threading-issues 0.2.0+alpha.11.107+1.21
	   |-- c2me-fixes-worldgen-vanilla-bugs 0.2.0+alpha.11.107+1.21
	   |-- c2me-notickvd 0.2.0+alpha.11.107+1.21
	   |-- c2me-opts-allocs 0.2.0+alpha.11.107+1.21
	   |-- c2me-opts-chunk-access 0.2.0+alpha.11.107+1.21
	   |-- c2me-opts-chunkio 0.2.0+alpha.11.107+1.21
	   |-- c2me-opts-math 0.2.0+alpha.11.107+1.21
	   |-- c2me-opts-scheduling 0.2.0+alpha.11.107+1.21
	   |-- c2me-opts-worldgen-general 0.2.0+alpha.11.107+1.21
	   |-- c2me-opts-worldgen-vanilla 0.2.0+alpha.11.107+1.21
	   |-- c2me-rewrites-chunk-serializer 0.2.0+alpha.11.107+1.21
	   |-- c2me-rewrites-chunkio 0.2.0+alpha.11.107+1.21
	   |-- c2me-server-utils 0.2.0+alpha.11.107+1.21
	   |-- c2me-threading-chunkio 0.2.0+alpha.11.107+1.21
	   |-- c2me-threading-lighting 0.2.0+alpha.11.107+1.21
	   |-- c2me-threading-worldgen 0.2.0+alpha.11.107+1.21
	   |-- com_electronwill_night-config_core 3.6.5
	   |-- com_electronwill_night-config_toml 3.6.5
	   |-- com_ibm_async_asyncutil 0.1.0
	   |-- net_objecthunter_exp4j 0.4.8
	   \-- org_threadly_threadly 7.0
	- cameraoverhaul 1.4.1-fabric-universal
	- capecommand 0.1.2-1.21
	- capes 1.5.4+1.21
	- cardinal-components 6.1.1
	   |-- cardinal-components-base 6.1.1
	   |-- cardinal-components-block 6.1.1
	   |-- cardinal-components-chunk 6.1.1
	   |-- cardinal-components-entity 6.1.1
	   |-- cardinal-components-item 6.1.1
	   |-- cardinal-components-level 6.1.1
	   |-- cardinal-components-scoreboard 6.1.1
	   \-- cardinal-components-world 6.1.1
	- cat_vision 1.3-1.21
	- chat_heads 0.12.7
	- chatanimation 1.0.6
	- chatnotify 2.1.0-beta.2
	- chattools 2.3.1
	   \-- com_sshtools_two-slices 0.9.4
	- chesttracker 2.4.12+1.21
	   |-- searchables 1.0.1
	   \-- whereisit 2.5.0+1.21
	        \-- jackfredlib 0.10.0+1.21
	             |-- jackfredlib-base 1.4.0+1.21
	             |-- jackfredlib-colour 1.1.0+1.21
	             |-- jackfredlib-extracommandsourcedata 1.1.1+1.21
	             |-- jackfredlib-gps 1.0.7+1.21
	             |-- jackfredlib-lying 0.5.5+1.21
	             \-- jackfredlib-toasts 1.1.0+1.21
	- cicada 0.8.3+1.21-and-above
	- clickthrough 1.21
	- cloth-config 15.0.128
	   \-- cloth-basic-math 0.6.1
	- clumps 18.0.0.1
	- craftify 1.16.0
	   \-- universalcraft 342
	- damagenumbers 1.4.1-fabric
	- dark-loading-screen 1.6.14
	- deathcounter 1.4.0
	- deathlog 0.4.0+1.21
	- distanthorizons 2.1.2-a
	   |-- fabric-api-base 0.4.42+6573ed8c90
	   |-- fabric-events-interaction-v0 0.7.10+e633f88390
	   |-- fabric-key-binding-api-v1 1.0.47+0af3f5a790
	   \-- fabric-screen-api-v1 2.0.24+b559734490
	- do_a_barrel_roll 3.6.1+1.21
	   \-- mixinsquared 0.1.1
	- dynamic_fps 3.6.1
	   \-- net_lostluma_battery 1.1.0
	- e4mc_minecraft 5.1.0
	   \-- folk_sisby_kaleido-config 0.3.1+1.3.1
	- eatinganimationid 1.21+1.9.72
	- emi 1.1.10+1.21+fabric
	- enhancedblockentities 0.10.1+1.21
	- entityculling 1.6.6
	- essential-container 1.0.0
	   \-- essential-loader 1.2.3
	- essential-dependencies 0
	   |-- elementa 649
	   \-- vigilance 297
	- fabric-api 0.100.7+1.21
	   |-- fabric-api-lookup-api-v1 1.6.67+b5597344d1
	   |-- fabric-biome-api-v1 13.0.29+5bd9f1bcd1
	   |-- fabric-block-api-v1 1.0.22+0af3f5a7d1
	   |-- fabric-block-view-api-v2 1.0.10+6573ed8cd1
	   |-- fabric-blockrenderlayer-v1 1.1.52+0af3f5a7d1
	   |-- fabric-client-tags-api-v1 1.1.15+6573ed8cd1
	   |-- fabric-command-api-v1 1.2.49+f71b366fd1
	   |-- fabric-command-api-v2 2.2.28+6ced4dd9d1
	   |-- fabric-commands-v0 0.2.66+df3654b3d1
	   |-- fabric-content-registries-v0 8.0.15+b5597344d1
	   |-- fabric-convention-tags-v1 2.0.18+7f945d5bd1
	   |-- fabric-convention-tags-v2 2.4.2+c111832ad1
	   |-- fabric-crash-report-info-v1 0.2.29+0af3f5a7d1
	   |-- fabric-data-attachment-api-v1 1.1.25+6a6dfa19d1
	   |-- fabric-data-generation-api-v1 20.2.12+16c4ae25d1
	   |-- fabric-dimensions-v1 4.0.0+6fc22b99d1
	   |-- fabric-entity-events-v1 1.6.12+6fc22b99d1
	   |-- fabric-game-rule-api-v1 1.0.53+6ced4dd9d1
	   |-- fabric-item-api-v1 11.0.0+afdfc921d1
	   |-- fabric-item-group-api-v1 4.1.3+78017270d1
	   |-- fabric-keybindings-v0 0.2.45+df3654b3d1
	   |-- fabric-lifecycle-events-v1 2.3.11+8f3583aed1
	   |-- fabric-loot-api-v2 3.0.13+3f89f5a5d1
	   |-- fabric-loot-api-v3 1.0.1+3f89f5a5d1
	   |-- fabric-message-api-v1 6.0.13+6573ed8cd1
	   |-- fabric-model-loading-api-v1 2.0.0+fe474d6bd1
	   |-- fabric-networking-api-v1 4.2.0+ab7edbacd1
	   |-- fabric-object-builder-api-v1 15.1.13+d1321076d1
	   |-- fabric-particles-v1 4.0.2+6573ed8cd1
	   |-- fabric-recipe-api-v1 5.0.10+65089712d1
	   |-- fabric-registry-sync-v0 5.0.25+5bd9f1bcd1
	   |-- fabric-renderer-api-v1 3.3.0+0ae0b97dd1
	   |-- fabric-renderer-indigo 1.6.5+48fb1586d1
	   |-- fabric-renderer-registries-v1 3.2.68+df3654b3d1
	   |-- fabric-rendering-data-attachment-v1 0.3.48+73761d2ed1
	   |-- fabric-rendering-fluids-v1 3.1.6+b5597344d1
	   |-- fabric-rendering-v0 1.1.71+df3654b3d1
	   |-- fabric-rendering-v1 5.0.5+df16efd0d1
	   |-- fabric-resource-conditions-api-v1 4.2.1+d153f344d1
	   |-- fabric-resource-loader-v0 1.2.0+7e687b32d1
	   |-- fabric-screen-handler-api-v1 1.3.82+b5597344d1
	   |-- fabric-sound-api-v1 1.0.23+6573ed8cd1
	   |-- fabric-transfer-api-v1 5.1.15+3dccd343d1
	   \-- fabric-transitive-access-wideners-v1 6.0.12+6573ed8cd1
	- fabric-language-kotlin 1.11.0+kotlin.2.0.0
	   |-- org_jetbrains_kotlin_kotlin-reflect 2.0.0
	   |-- org_jetbrains_kotlin_kotlin-stdlib 2.0.0
	   |-- org_jetbrains_kotlin_kotlin-stdlib-jdk7 2.0.0
	   |-- org_jetbrains_kotlin_kotlin-stdlib-jdk8 2.0.0
	   |-- org_jetbrains_kotlinx_atomicfu-jvm 0.24.0
	   |-- org_jetbrains_kotlinx_kotlinx-coroutines-core-jvm 1.8.1
	   |-- org_jetbrains_kotlinx_kotlinx-coroutines-jdk8 1.8.1
	   |-- org_jetbrains_kotlinx_kotlinx-datetime-jvm 0.6.0
	   |-- org_jetbrains_kotlinx_kotlinx-serialization-cbor-jvm 1.6.3
	   |-- org_jetbrains_kotlinx_kotlinx-serialization-core-jvm 1.6.3
	   \-- org_jetbrains_kotlinx_kotlinx-serialization-json-jvm 1.6.3
	- fabricforcelowercase 2.1.2
	- fabricloader 0.16.0
	   \-- mixinextras 0.4.0
	- fabrishot 1.14.0
	- ferritecore 7.0.0
	- firstperson 2.4.3
	- flow 1.6.1+1.21
	- gammautils 1.9.20
	- hotbarswapper 1.0.0
	- ias 9.0.1
	- ichunutil 1.0.0
	- indium 1.0.34+mc1.21
	- inventoryprofilesnext 2.0.2
	- iris 1.7.3+mc1.21
	   |-- fabric-api-base 0.4.42+6573ed8c90
	   |-- fabric-key-binding-api-v1 1.0.47+0af3f5a790
	   |-- io_github_douira_glsl-transformer 2.0.1
	   |-- org_anarres_jcpp 1.4.14
	   \-- org_antlr_antlr4-runtime 4.13.1
	- java 21
	- libipn 6.0.0
	- libjf 3.16.0
	   |-- libjf-base 3.16.0
	   |-- libjf-config-commands 3.16.0
	   |-- libjf-config-core-v2 3.16.0
	   |-- libjf-config-network-v0 3.16.0
	   |-- libjf-config-ui-tiny 3.16.0
	   |-- libjf-data-manipulation-v0 3.16.0
	   |-- libjf-data-v0 3.16.0
	   |-- libjf-mainhttp-v0 3.16.0
	   |-- libjf-translate-v1 3.16.0
	   |-- libjf-unsafe-v0 3.16.0
	   \-- libjf-web-v1 3.16.0
	- litematica 0.18.999-sakura.28
	- litematica-printer 3.5.0-sakura.2
	   \-- fabric-api-base 0.4.42+6573ed8c90
	- lithium 0.12.7
	- malilib 0.20.1
	   |-- fabric-networking-api-v1 4.2.0+ab7edbacd1
	   \-- fabric-resource-loader-v0 1.2.0+7e687b32d1
	- minecraft 1.21
	- modmenu 11.0.1
	   |-- fabric-api-base 0.4.42+6573ed8c90
	   |-- fabric-key-binding-api-v1 1.0.47+0af3f5a790
	   |-- fabric-screen-api-v1 2.0.24+b559734490
	   \-- placeholder-api 2.4.0-pre.2+1.21
	- mods-command 1.1.7
	   |-- adventure-platform-fabric 5.14.0
	   |    |-- net_kyori_adventure-api 4.17.0
	   |    |-- net_kyori_adventure-key 4.17.0
	   |    |-- net_kyori_adventure-platform-api 4.3.3
	   |    |-- net_kyori_adventure-text-logger-slf4j 4.17.0
	   |    |-- net_kyori_adventure-text-minimessage 4.17.0
	   |    |-- net_kyori_adventure-text-serializer-ansi 4.17.0
	   |    |-- net_kyori_adventure-text-serializer-gson 4.17.0
	   |    |-- net_kyori_adventure-text-serializer-json 4.17.0
	   |    |-- net_kyori_adventure-text-serializer-plain 4.17.0
	   |    |-- net_kyori_ansi 1.0.3
	   |    |-- net_kyori_examination-api 1.3.0
	   |    |-- net_kyori_examination-string 1.3.0
	   |    \-- net_kyori_option 1.0.0
	   |-- cloud 2.0.0-beta.7
	   |    |-- fabric-permissions-api-v0 0.3.1
	   |    |-- io_leangen_geantyref_geantyref 1.3.15
	   |    |-- org_incendo_cloud-brigadier 2.0.0-beta.8
	   |    |-- org_incendo_cloud-core 2.0.0-rc.2
	   |    |-- org_incendo_cloud-minecraft-modded-common-fabric-repack_ 2.0.0-beta.7
	   |    \-- org_incendo_cloud-services 2.0.0-rc.2
	   |-- org_incendo_cloud-minecraft-extras 2.0.0-beta.9
	   |-- org_spongepowered_configurate-core 4.2.0-SNAPSHOT
	   |-- org_spongepowered_configurate-hocon 4.2.0-SNAPSHOT
	   \-- org_spongepowered_configurate-yaml 4.2.0-SNAPSHOT
	- monolib 1.3.0
	- mousetweaks 2.26
	- mru 0.4.4+1.21
	- nameplate 1.1.4
	- nochatreports 1.21-v2.8.0
	- notenoughanimations 1.7.4
	- obsidianui 0.2.7+mc1.21
	- owo 0.12.10+1.21
	   |-- io_wispforest_endec 0.1.0
	   |-- io_wispforest_endec_gson 0.1.0
	   |-- io_wispforest_endec_jankson 0.1.0
	   \-- io_wispforest_endec_netty 0.1.0
	- plasmovoice 2.0.10
	   |-- aopalliance_aopalliance 1.0
	   |-- com_google_inject_guice 5.0.1
	   \-- javax_inject_javax_inject 1
	- presencefootsteps 1.10.0+1.21
	   \-- kirin 1.19.0+1.21
	- reeses-sodium-options 1.7.3+mc1.21
	- resourcify 1.4.0
	   \-- universalcraft 342
	- ryoamiclights 0.2.9+mc1.21
	- scrolltweaks 1.0.0
	- shulkerboxtooltip 5.0.4+1.21
	- skinlayers3d 1.6.6
	- slyde 1.7.5
	- smoothparticles 1.0.0
	- smoothscroll 2.1.2
	- sodium 0.5.11+mc1.21
	   \-- fabric-api-base 0.4.42+6573ed8c90
	- sodium-extra 0.5.7+mc1.21
	   \-- caffeineconfig 1.3.0+1.17
	- sound_physics_remastered 1.21-1.4.5
	- sounds 1.1.1+1.21
	- stendhal 1.4.1-1.21
	   \-- libgui 11.0.0+1.21
	        |-- jankson 8.0.0+j1.2.3
	        |    \-- blue_endless_jankson 1.2.3
	        \-- libninepatch 1.2.0
	- tcdcommons 3.12.2+fabric-1.21
	- time_on_display 2.0.0
	- travelerz 1.0.1
	- versionchanger 1.4.6
	- viabackwards 5.0.2-SNAPSHOT
	- viafabric 0.4.14+77-main
	   |-- org_yaml_snakeyaml 2.2
	   \-- viafabric-mc121 0.4.14+77-main
	- viaversion 5.0.2-SNAPSHOT
	- videotape 1.0.0
	- visuality 0.7.7+1.21
	- wakes 0.2.5+1.21
	   |-- com_github_jdiemke_delaunay-triangulator_delaunaytriangulator 1.0.0
	   \-- satin 2.0.0
	- waveycapes 1.4.8
	- wildfire_gender 3.2.1+1.21
	- worldedit 7.3.5+6880-8ba3d89
	   |-- fabric-lifecycle-events-v1 2.3.11+8f3583aed1
	   \-- fabric-networking-api-v1 4.2.0+ab7edbacd1
	- xaerominimap 24.2.1
	- xaeroworldmap 1.38.8
	- yet_another_config_lib_v3 3.5.0+1.21-fabric
	   |-- com_twelvemonkeys_common_common-image 3.10.0
	   |-- com_twelvemonkeys_common_common-io 3.10.0
	   |-- com_twelvemonkeys_common_common-lang 3.10.0
	   |-- com_twelvemonkeys_imageio_imageio-core 3.10.0
	   |-- com_twelvemonkeys_imageio_imageio-metadata 3.10.0
	   |-- com_twelvemonkeys_imageio_imageio-webp 3.10.0
	   |-- org_quiltmc_parsers_gson 0.2.1
	   \-- org_quiltmc_parsers_json 0.2.1
	- yungsapi 1.21-Fabric-5.0.0
	   |-- org_javassist_javassist 3.29.2-GA
	   \-- org_reflections_reflections 0.10.2
	- zoomify 2.14.0+1.21
	   \-- com_akuleshov7_ktoml-core-jvm 0.5.1
[16:22:44] [main/INFO]: SpongePowered MIXIN Subsystem Version=0.8.7 Source=file:/C:/Users/nicol/AppData/Roaming/PrismLauncher/libraries/net/fabricmc/sponge-mixin/0.15.0+mixin.0.8.7/sponge-mixin-0.15.0+mixin.0.8.7.jar Service=Knot/Fabric Env=CLIENT
[16:22:44] [main/INFO]: Compatibility level set to JAVA_17
[16:22:44] [main/INFO]: Compatibility level set to JAVA_21
[16:22:45] [main/INFO]: Initializing com.ishland.c2me.base.mixin
[16:22:45] [main/INFO]: Global Executor Parallelism: 6 configured, 6 evaluated, 6 default evaluated
[16:22:45] [main/INFO]: Initializing com.ishland.c2me.client.uncapvd.mixin
[16:22:45] [main/INFO]: Initializing com.ishland.c2me.fixes.chunkio.threading_issues.mixin
[16:22:45] [main/INFO]: Initializing com.ishland.c2me.fixes.general.threading_issues.mixin
[16:22:45] [main/INFO]: Initializing com.ishland.c2me.fixes.worldgen.threading_issues.mixin
[16:22:45] [main/INFO]: Initializing com.ishland.c2me.fixes.worldgen.vanilla_bugs.mixin
[16:22:45] [main/INFO]: Initializing com.ishland.c2me.notickvd.mixin
[16:22:45] [main/INFO]: Initializing com.ishland.c2me.opts.allocs.mixin
[16:22:45] [main/INFO]: Initializing com.ishland.c2me.opts.chunk_access.mixin
[16:22:45] [main/INFO]: Disabling com.ishland.c2me.opts.chunk_access.mixin
[16:22:45] [main/INFO]: Initializing com.ishland.c2me.opts.chunkio.mixin
[16:22:45] [main/INFO]: Initializing com.ishland.c2me.opts.math.mixin
[16:22:45] [main/INFO]: Initializing com.ishland.c2me.opts.scheduling.mixin
[16:22:45] [main/INFO]: Initializing com.ishland.c2me.opts.worldgen.general.mixin
[16:22:45] [main/INFO]: Initializing com.ishland.c2me.opts.worldgen.vanilla.mixin
[16:22:45] [main/INFO]: Initializing com.ishland.c2me.rewrites.chunk_serializer.mixin
[16:22:45] [main/INFO]: Disabling config ioSystem.gcFreeChunkSerializer: Incompatible with architectury@13.0.6 (*) (defined in c2me)
[16:22:45] [main/INFO]: Disabling com.ishland.c2me.rewrites.chunk_serializer.mixin
[16:22:45] [main/INFO]: Initializing com.ishland.c2me.rewrites.chunkio.mixin
[16:22:45] [main/INFO]: Initializing com.ishland.c2me.server.utils.mixin
[16:22:45] [main/INFO]: Initializing com.ishland.c2me.threading.chunkio.mixin
[16:22:45] [main/INFO]: Initializing com.ishland.c2me.threading.lighting.mixin
[16:22:45] [main/INFO]: Initializing com.ishland.c2me.threading.worldgen.mixin
[16:22:46] [main/WARN]: Mod 'c2me' attempted to override option 'mixin.world.player_chunk_tick', which doesn't exist, ignoring
[16:22:46] [main/INFO]: Loaded configuration file for Lithium: 138 options available, 2 override(s) found
[16:22:46] [main/WARN]: Reference map 'nightconfigfixes.refmap.json' for nightconfigfixes.mixins.json could not be read. If this is a development environment you can ignore this message
[16:22:46] [main/WARN]: [Satin] Iris is present, custom block renders will not work
[16:22:46] [main/INFO]: Loaded configuration file for Sodium: 42 options available, 3 override(s) found
[16:22:46] [main/INFO]: Loaded configuration file for Sodium Extra: 35 options available, 0 override(s) found
[16:22:46] [main/WARN]: Error loading class: net/caffeinemc/sodium/config/user/UserConfigCategories (java.lang.ClassNotFoundException: net/caffeinemc/sodium/config/user/UserConfigCategories)
[16:22:46] [main/WARN]: Error loading class: ca/spottedleaf/starlight/common/thread/SchedulingUtil (java.lang.ClassNotFoundException: ca/spottedleaf/starlight/common/thread/SchedulingUtil)
[16:22:46] [main/INFO]: CameraOverhaul: Using modern mixin 'mirsario.cameraoverhaul.fabric.mixins.modern.CameraMixin'.
[16:22:46] [main/INFO]: CameraOverhaul: Using modern mixin 'mirsario.cameraoverhaul.fabric.mixins.modern.GameRendererMixin'.
[16:22:46] [main/INFO]: CameraOverhaul: Skipping legacy mixin 'mirsario.cameraoverhaul.fabric.mixins.legacy.LegacyCameraMixin'.
[16:22:47] [main/WARN]: Error loading class: mezz/jei/library/load/PluginCaller (java.lang.ClassNotFoundException: mezz/jei/library/load/PluginCaller)
[16:22:47] [main/WARN]: Error loading class: folk/sisby/inventory_tabs/tabs/BlockTab (java.lang.ClassNotFoundException: folk/sisby/inventory_tabs/tabs/BlockTab)
[16:22:47] [main/WARN]: Error loading class: folk/sisby/inventory_tabs/tabs/VehicleInventoryTab (java.lang.ClassNotFoundException: folk/sisby/inventory_tabs/tabs/VehicleInventoryTab)
[16:22:47] [main/WARN]: Error loading class: folk/sisby/inventory_tabs/tabs/PlayerInventoryTab (java.lang.ClassNotFoundException: folk/sisby/inventory_tabs/tabs/PlayerInventoryTab)
[16:22:47] [main/WARN]: Error loading class: folk/sisby/inventory_tabs/tabs/ItemTab (java.lang.ClassNotFoundException: folk/sisby/inventory_tabs/tabs/ItemTab)
[16:22:47] [main/WARN]: Error loading class: folk/sisby/inventory_tabs/tabs/EntityTab (java.lang.ClassNotFoundException: folk/sisby/inventory_tabs/tabs/EntityTab)
[16:22:47] [main/WARN]: Force-disabling mixin 'alloc.blockstate.StateMixin' as rule 'mixin.alloc.blockstate' (added by mods [ferritecore]) disables it and children
[16:22:47] [main/WARN]: Force-enabling mixin 'block.hopper.worldedit_compat.WorldChunkMixin' as rule 'mixin.block.hopper.worldedit_compat' (added by mods [lithium-fabric]) enables it
[16:22:47] [main/WARN]: Error loading class: xyz/nucleoid/server/translations/impl/language/SystemDelegatedLanguage (java.lang.ClassNotFoundException: xyz/nucleoid/server/translations/impl/language/SystemDelegatedLanguage)
[16:22:48] [main/WARN]: Error loading class: com/anthonyhilyard/itemborders/ItemBorders (java.lang.ClassNotFoundException: com/anthonyhilyard/itemborders/ItemBorders)
[16:22:48] [main/WARN]: Force-disabling mixin 'features.render.entity.CuboidMixin' as rule 'mixin.features.render.entity' (added by mods [iris]) disables it and children
[16:22:48] [main/WARN]: Force-disabling mixin 'features.render.entity.ModelPartMixin' as rule 'mixin.features.render.entity' (added by mods [iris]) disables it and children
[16:22:48] [main/WARN]: Force-disabling mixin 'features.render.entity.cull.EntityRendererMixin' as rule 'mixin.features.render.entity' (added by mods [iris]) disables it and children
[16:22:48] [main/WARN]: Force-disabling mixin 'features.render.entity.shadows.EntityRenderDispatcherMixin' as rule 'mixin.features.render.entity' (added by mods [iris]) disables it and children
[16:22:48] [main/WARN]: Force-disabling mixin 'features.render.gui.font.GlyphRendererMixin' as rule 'mixin.features.render.gui.font' (added by mods [iris]) disables it and children
[16:22:48] [main/WARN]: Force-disabling mixin 'features.render.world.sky.BackgroundRendererMixin' as rule 'mixin.features.render.world.sky' (added by mods [iris]) disables it and children
[16:22:48] [main/WARN]: Force-disabling mixin 'features.render.world.sky.ClientWorldMixin' as rule 'mixin.features.render.world.sky' (added by mods [iris]) disables it and children
[16:22:48] [main/WARN]: Force-disabling mixin 'features.render.world.sky.WorldRendererMixin' as rule 'mixin.features.render.world.sky' (added by mods [iris]) disables it and children
[16:22:48] [main/WARN]: Error loading class: de/rubixdev/inventorio/player/InventorioScreenHandler (java.lang.ClassNotFoundException: de/rubixdev/inventorio/player/InventorioScreenHandler)
[16:22:48] [main/WARN]: Error loading class: net/caffeinemc/sodium/config/user/UserConfigCategories (java.lang.ClassNotFoundException: net/caffeinemc/sodium/config/user/UserConfigCategories)
[16:22:48] [main/WARN]: Error loading class: net/caffeinemc/sodium/config/user/UserConfigCategories (java.lang.ClassNotFoundException: net/caffeinemc/sodium/config/user/UserConfigCategories)
[16:22:48] [main/WARN]: Error loading class: org/jetbrains/annotations/ApiStatus$Internal (java.lang.ClassNotFoundException: org/jetbrains/annotations/ApiStatus$Internal)
[16:22:48] [main/WARN]: Error loading class: org/jetbrains/annotations/ApiStatus$Internal (java.lang.ClassNotFoundException: org/jetbrains/annotations/ApiStatus$Internal)
[16:22:49] [main/WARN]: Found newer Essential Loader (stage2) version 1.6.3 [stable], skipping at user request
[16:22:49] [main/INFO]: Starting Essential Loader (stage2) version 1.6.2 (275e04d6ad6e53e1d82b6a6ef19084bb) [stable]
[16:22:49] [main/INFO]: Found newer Essential version 1.3.5.1 [stable]
[16:22:50] [main/INFO]: Starting Essential v1.3.2.8 (#0e9765ce1e) [stable]
[16:22:50] [main/INFO]: Java: Java HotSpot(TM) 64-Bit Server VM (v21.0.4) by Oracle Corporation (Oracle Corporation)
[16:22:50] [main/INFO]: Java Path: C:\Program Files\Java\jdk-21\bin
[16:22:50] [main/INFO]: Java Info: mixed mode, sharing
[16:22:50] [main/INFO]: JVM Arguments: 
  - -XX:HeapDumpPath=MojangTricksIntelDriversForPerformance_javaw.exe_minecraft.exe.heapdump
  - -Xms512m
  - -Xmx8000m
  - -Duser.language=en
  - -Djava.library.path=C:/Users/nicol/AppData/Roaming/PrismLauncher/instances/1.21(1)/natives
[16:22:50] [main/INFO]: OS: Windows 11 (v10.0) (Arch: amd64)
[16:22:50] [main/INFO]: Registering config for libjf-translate-v1
[16:22:50] [main/INFO]: Registering config for libjf-web-v1
[16:22:50] [main/INFO]: Registering config for versionchanger
[16:22:50] [main/INFO]: Searching for graphics cards...
[16:22:51] [main/INFO]: Found graphics adapter: AdapterInfo{vendor=NVIDIA, description='NVIDIA GeForce GTX 1650', adapterType=0x00002313, openglIcdFilePath='C:\WINDOWS\System32\DriverStore\FileRepository\nvlti.inf_amd64_a58f299899ec4d3d\nvoglv64.dll', openglIcdVersion=32.0.15.6081}
[16:22:51] [main/INFO]: Found graphics adapter: AdapterInfo{vendor=AMD, description='AMD Radeon(TM) Graphics', adapterType=0x0000032B, openglIcdFilePath='C:\WINDOWS\System32\DriverStore\FileRepository\u0361612.inf_amd64_b679e02f70413f9f\B361368\atig6pxx.dll', openglIcdVersion=27.20.11028.10001}
[16:22:51] [main/WARN]: Sodium has applied one or more workarounds to prevent crashes or other issues on your system: [NVIDIA_THREADED_OPTIMIZATIONS]
[16:22:51] [main/WARN]: This is not necessarily an issue, but it may result in certain features or optimizations being disabled. You can sometimes fix these issues by upgrading your graphics driver.
[16:22:51] [main/INFO]: Initializing MixinExtras via com.llamalad7.mixinextras.service.MixinExtrasServiceImpl(version=0.4.0).
[16:22:54] [Datafixer Bootstrap/INFO]: 226 Datafixer optimizations took 397 milliseconds
[16:22:55] [main/WARN]: @Final field field_22786:Ljava/util/List; in mixins.ipnext.json:MixinScreen from mod inventoryprofilesnext should be final
[16:22:55] [main/WARN]: @Final field field_33815:Ljava/util/List; in mixins.ipnext.json:MixinScreen from mod inventoryprofilesnext should be final
[16:23:05] [Render thread/INFO]: Mixing MinecraftClientMixin from mixins.craftify.json into net.minecraft.class_310
[16:23:05] [Render thread/WARN]: Mixin stendhal.mixins.json:ChatScreenMixin from mod stendhal has multiple constructors, <init>(Lnet/minecraft/class_2561;)V was selected
[16:23:06] [Render thread/INFO]: Environment: Environment[sessionHost=https://sessionserver.mojang.com, servicesHost=https://api.minecraftservices.com, name=PROD]
[16:23:06] [Render thread/INFO]: Setting user: Fork0n
[16:23:08] [Render thread/INFO]: Starting DI!
[16:23:08] [Render thread/INFO]: Authenticating to Mojang as Fork0n (a3645c4c-8953-4dff-9184-8bbcba730cb5)
[16:23:08] [DefaultDispatcher-worker-3/INFO]: Connecting to Essential Connection Manager...
[16:23:08] [ForkJoinPool.commonPool-worker-1/INFO]: Mixing GameRendererMixin from mixins.craftify.json into net.minecraft.class_757
[16:23:08] [DefaultDispatcher-worker-3/INFO]: Using Default JreDnsResolver
[16:23:08] [DefaultDispatcher-worker-3/INFO]: Using Default JreSocketFactory
[16:23:09] [Render thread/INFO]: Hi there
[16:23:09] [Render thread/INFO]: Initialising cape command
[16:23:09] [Render thread/INFO]: Trying to load config, if it exists
[16:23:09] [Render thread/INFO]: Registering cape command
[16:23:09] [Render thread/INFO]: Registering server network handlers
[16:23:09] [WebSocketConnectReadThread-137/INFO]: Connected to Essential Connection Manager.
[16:23:09] [Render thread/INFO]: ChatAnimation initialized!
[16:23:09] [Render thread/WARN]: [ChatTools] The config in version: 2.2 is out of date! Trying to migrate it.
[16:23:09] [ChatTools-Download-Thread/INFO]: [ChatTools] No need to check addons readiness.
[16:23:09] [ForkJoinPool.commonPool-worker-6/INFO]: [STDERR]: UPDATE DING DING DING
[16:23:09] [ForkJoinPool.commonPool-worker-6/INFO]: [STDOUT]: Version string not found!
[16:23:09] [Cicada thread 0/INFO]: '@enjarai why did you name the food chest "stuff to keep away from africa"'
[16:23:10] [Render thread/INFO]: litematica-printer-fabric-Furry edition-3.5.0-sakura.2 initialized.
[16:23:10] [Render thread/INFO]: Mods Command detected 289 loaded mods (122 top-level).
[16:23:11] [ToggleableConfigWatchService/INFO]: Registering config for libjf-config-core-v2
[16:23:11] [ToggleableConfigWatchService/INFO]: Created config watch service
[16:23:11] [Render thread/INFO]: Hello Fabric world!
[16:23:11] [Render thread/INFO]: Hello from Common init on Fabric! we are currently in a production environment!
[16:23:11] [Render thread/INFO]: The ID for diamonds is minecraft:diamond
[16:23:11] [Render thread/INFO]: Hello to monolib
[16:23:11] [Render thread/INFO]: Initialized EMI compatability.
[16:23:11] [Render thread/INFO]: I bet DeetHunter will never see this one!
[16:23:11] [Render thread/INFO]: Deserializing ScrollTweaksConfig from 'C:\Users\nicol\AppData\Roaming\PrismLauncher\instances\1.21(1)\.minecraft\config\scrolltweaks.json'
[16:23:11] [Render thread/INFO]: [ShulkerBoxTooltip] Could not find configuration file, creating default file
[16:23:12] [Render thread/INFO]: Config values:
Hotbar speed: 0.2
Chat speed: 0.5
Chat Opening speed: 0.5
Creative screen speed: 0.5
Entry list speed: 0.5
Mask debug enabled: false
Config version: 2.1
[16:23:12] [Render thread/INFO]: [Stendhal] Initializing
[16:23:13] [Via-Mappingloader-0/INFO]: Loading block connection mappings ...
[16:23:13] [Via-Mappingloader-0/INFO]: Using FastUtil Long2ObjectOpenHashMap for block connections
[16:23:14] [Render thread/INFO]: Loading translations...
[16:23:14] [Render thread/INFO]: Registering protocols...
[16:23:15] [Render thread/INFO]: ViaVersion detected lowest supported version by the proxy: 1.8.x (47)
[16:23:15] [Render thread/INFO]: Highest supported version by the proxy: 1.21 (767)
[16:23:15] [ViaFabric-2/INFO]: Finished mapping loading, shutting down loader executor!
[16:23:15] [Render thread/INFO]: VideoTape initialized
[16:23:15] [Render thread/INFO]: Deserializing WhereIsItConfig from 'C:\Users\nicol\AppData\Roaming\PrismLauncher\instances\1.21(1)\.minecraft\config\whereisit.json5'
[16:23:15] [Render thread/INFO]: Serializing class red.jackf.whereisit.config.WhereIsItConfig to 'C:\Users\nicol\AppData\Roaming\PrismLauncher\instances\1.21(1)\.minecraft\config\whereisit.json5'
[16:23:15] [ViaFabric-0/WARN]: There is a newer plugin version available: 5.1.1, you're on: 5.0.2-SNAPSHOT
[16:23:16] [Render thread/INFO]: Got request to register class com.sk89q.worldedit.fabric.FabricPlatform with WorldEdit [com.sk89q.worldedit.extension.platform.PlatformManager@6607ffd6]
[16:23:16] [Render thread/INFO]: WorldEdit for Fabric (version 7.3.5+6880-8ba3d89) is loaded
[16:23:16] [Render thread/INFO]: Reflections took 159 ms to scan 1 urls, producing 1 keys and 3 values
[16:23:16] [Render thread/INFO]: Reflections took 4 ms to scan 1 urls, producing 1 keys and 3 values
[16:23:16] [Render thread/INFO]: Registering S2C receiver with id architectury:spawn_entity_packet
[16:23:16] [Render thread/INFO]: [STDOUT]: [BCBUI] Initialized.
[16:23:16] [Render thread/INFO]: [BetterF3] Loading...
[16:23:16] [Render thread/INFO]: [BetterF3] All done!
[16:23:16] [Render thread/INFO]: Initializing 'Better Statistics Screen' as 'BetterStatsClient'.
[16:23:16] [Render thread/INFO]: Loaded 'BetterStatsConfig' config from 'betterstats.json'.
[16:23:16] [Render thread/INFO]: CameraOverhaul: CameraSystem is ready.
[16:23:16] [Render thread/INFO]: Registering client network handlers
[16:23:17] [Render thread/INFO]: Trying to read config file...
[16:23:17] [Render thread/INFO]: A config file was found, loading it..
[16:23:17] [Render thread/INFO]: Successfully loaded config file.
[16:23:18] [Render thread/INFO]: Initialized cat_vision
[16:23:18] [Render thread/INFO]: Deserializing ChestTrackerConfig from 'C:\Users\nicol\AppData\Roaming\PrismLauncher\instances\1.21(1)\.minecraft\config\chesttracker.json5'
[16:23:18] [Render thread/INFO]: Serializing class red.jackf.chesttracker.impl.config.ChestTrackerConfig to 'C:\Users\nicol\AppData\Roaming\PrismLauncher\instances\1.21(1)\.minecraft\config\chesttracker.json5'
[16:23:18] [Render thread/INFO]: Initializing Distant Horizons
[16:23:18] [Render thread/WARN]: Java.awt.headless is false. This means Distant Horizons can't display error and info dialog windows.
[16:23:18] [Render thread/INFO]: Distant Horizons, Version: 2.1.2-a
[16:23:18] [Render thread/INFO]: DH Branch: main
[16:23:18] [Render thread/INFO]: DH Commit: 095fff96ff360513ae486764ec5942f778b50300
[16:23:18] [Render thread/INFO]: DH Jar Build Source: User
[16:23:18] [Render thread/INFO]: Registering Fabric Client Events
[16:23:18] [Render thread/INFO]: Registering Fabric Server Events
[16:23:19] [Render thread/INFO]: Registered mod compatibility accessor for: [Sodium-Fabric].
[16:23:19] [Render thread/INFO]: Registered mod compatibility accessor for: [iris].
[16:23:19] [Render thread/INFO]: Distant Horizons Initialized
[16:23:19] [Render thread/INFO]: Initialising config for DistantHorizons
[16:23:19] [Render thread/INFO]: Config for DistantHorizons initialised
[16:23:19] [Render thread/INFO]: Dynamic FPS 3.6.1 active on Fabric!
[16:23:20] [Render thread/INFO]: [Indigo] Different rendering plugin detected; not applying Indigo.
[16:23:20] [Render thread/INFO]: Loading FirstPerson Mod
[16:23:20] [Render thread/INFO]: Deserializing FlowConfig from 'C:\Users\nicol\AppData\Roaming\PrismLauncher\instances\1.21(1)\.minecraft\config\flow.config.json'
[16:23:20] [Render thread/WARN]: Found unknown config field 'disableMouseMovement'.
[16:23:20] [Render thread/INFO]: IAS: Booting up... (version: 9.0.1, loader: Fabric, loader version: 0.16.0, game version: Furry edition)
[16:23:20] [Render thread/INFO]: IAS: Initializing IAS...
[16:23:20] [Render thread/INFO]: IAS: IAS has been loaded.
[16:23:20] [Render thread/WARN]: Using Cloth Config GUI
[16:23:21] [Render thread/INFO]: Checking mod updates...
[16:23:21] [Render thread/INFO]: DH TerraFirmaCraft detection: false
[16:23:21] [Render thread/INFO]: [STDOUT]: [Mouse Tweaks] Main.initialize()
[16:23:21] [Render thread/INFO]: [STDOUT]: [Mouse Tweaks] Initialized.
[16:23:21] [ModMenu/Update Checker/Fabric Loader/INFO]: Update available for 'fabricloader@0.16.0'
[16:23:22] [DH-ApplyConfigPresetTimer/INFO]: changing preset to: MEDIUM
[16:23:22] [DH-ApplyConfigPresetTimer/INFO]: preset active: MEDIUM
[16:23:22] [DefaultDispatcher-worker-1/INFO]: Downloading translations
[16:23:23] [Render thread/INFO]: [RyoamicLights] Initializing RyoamicLights...
[16:23:23] [Render thread/INFO]: [RyoamicLights] Configuration loaded.
[16:23:23] [Render thread/INFO]: Reloading reverb parameters
[16:23:23] [Render thread/INFO]: Deserializing WorldSoundsConfig from 'C:\Users\nicol\AppData\Roaming\PrismLauncher\instances\1.21(1)\.minecraft\config\sounds\world.json'
[16:23:23] [Render thread/INFO]: Deserializing UISoundsConfig from 'C:\Users\nicol\AppData\Roaming\PrismLauncher\instances\1.21(1)\.minecraft\config\sounds\ui.json'
[16:23:23] [Render thread/INFO]: Deserializing ChatSoundsConfig from 'C:\Users\nicol\AppData\Roaming\PrismLauncher\instances\1.21(1)\.minecraft\config\sounds\chat.json'
[16:23:23] [Render thread/INFO]: Deserializing EventSoundsConfig from 'C:\Users\nicol\AppData\Roaming\PrismLauncher\instances\1.21(1)\.minecraft\config\sounds\event.json'
[16:23:23] [Render thread/INFO]: Serializing class dev.imb11.sounds.config.ChatSoundsConfig to 'C:\Users\nicol\AppData\Roaming\PrismLauncher\instances\1.21(1)\.minecraft\config\sounds\chat.json'
[16:23:23] [Render thread/INFO]: Initializing 'TCD Commons API' 3.12.2+fabric-1.21 as 'TCDCommonsClient'.
[16:23:23] [Render thread/INFO]: Loading Xaero's Minimap - Stage 1/2
[16:23:24] [Render thread/INFO]: Loading Xaero's World Map - Stage 1/2
[16:23:24] [DefaultDispatcher-worker-1/INFO]: Translations downloaded
[16:23:26] [Render thread/INFO]: Deserializing YACLConfig from 'C:\Users\nicol\AppData\Roaming\PrismLauncher\instances\1.21(1)\.minecraft\config\yacl.json5'
[16:23:26] [Render thread/INFO]: Queuing DH event binding...
[16:23:26] [Render thread/INFO]: DH Ready, binding Iris event handlers...
[16:23:26] [Render thread/INFO]: DH Iris events bound.
[16:23:26] [Render thread/INFO]: OptiFine not detected.
[16:23:26] [Render thread/WARN]: Pack distanthorizons declared support for versions [16, 90000] but declared main format is 7, defaulting to 7
[16:23:27] [Render thread/INFO]: Backend library: LWJGL version 3.3.3-snapshot
[16:23:27] [Render thread/WARN]: Applying workaround: Prevent the NVIDIA OpenGL driver from using broken optimizations (NVIDIA_THREADED_OPTIMIZATIONS)
[16:23:27] [ForkJoinPool.commonPool-worker-6/ERROR]: Could not parse game version "Furry edition"
[16:23:27] [ForkJoinPool.commonPool-worker-6/WARN]: [Iris Update Check] This version doesn't have an update index, skipping.
[16:23:28] [Render thread/INFO]: Mixing MouseMixin from mixins.craftify.json into net.minecraft.class_312
[16:23:28] [Render thread/INFO]: Debug functionality is disabled.
[16:23:28] [Render thread/INFO]: ARB_direct_state_access detected, enabling DSA.
[16:23:28] [Render thread/ERROR]: Pack "Animal Crossing Shaders r6.zip" is not valid! Can't load it.
[16:23:28] [Render thread/WARN]: Falling back to normal rendering without shaders because the shaderpack could not be loaded
[16:23:28] [Render thread/WARN]: Pack distanthorizons declared support for versions [16, 90000] but declared main format is 7, defaulting to 7
[16:23:28] [DefaultDispatcher-worker-9/WARN]: Error loading class: org/apache/log4j/Level (java.lang.ClassNotFoundException: org/apache/log4j/Level)
[16:23:28] [DefaultDispatcher-worker-9/WARN]: Error loading class: org/apache/log4j/Priority (java.lang.ClassNotFoundException: org/apache/log4j/Priority)
[16:23:28] [DefaultDispatcher-worker-9/WARN]: Error loading class: org/apache/log4j/Priority (java.lang.ClassNotFoundException: org/apache/log4j/Priority)
[16:23:30] [Render thread/INFO]: Hardware information:
[16:23:30] [Render thread/INFO]: CPU: 16x AMD Ryzen 7 4800H with Radeon Graphics 
[16:23:30] [Render thread/INFO]: GPU: NVIDIA GeForce GTX 1650/PCIe/SSE2 (Supports OpenGL 3.2.0 NVIDIA 560.81)
[16:23:30] [Render thread/INFO]: OS: Windows 11 (10.0)
[16:23:31] [Render thread/INFO]: Starting up renderer (fabric)
[16:23:31] [Render thread/INFO]: Renderer starting up.
[16:23:31] [Render thread/INFO]: Creating GLProxy... If this is the last message you see there must have been an OpenGL error.
[16:23:31] [Render thread/INFO]: Lod Render OpenGL version [3.2.0 NVIDIA 560.81].
[16:23:31] [Render thread/INFO]: minecraftGlCapabilities:
Your OpenGL support:
openGL version 3.2+: [true] <- REQUIRED
Vertex Attribute Buffer Binding: [true] <- optional improvement
Buffer Storage: [true] <- optional improvement

[16:23:31] [Render thread/INFO]: GPU Vendor [NVIDIA CORPORATION], Preferred upload method is [BUFFER_STORAGE].
[16:23:31] [Render thread/INFO]: GLProxy creation successful. OpenGL smiles upon you this day.
[16:23:32] [Render thread/INFO]: Reloading ResourceManager: vanilla, fabric, accurateblockplacement, adventure-platform-fabric, appleskin, betterbeds, bettercommandblockui, betterf3, bettersavedhotbars, betterstats, blur, c2me, caffeineconfig, cameraoverhaul, capecommand, capes, cardinal-components, cardinal-components-base, cardinal-components-block, cardinal-components-chunk, cardinal-components-entity, cardinal-components-item, cardinal-components-level, cardinal-components-scoreboard, cardinal-components-world, cat_vision, chat_heads, chatanimation, chatnotify, chattools, chesttracker, cicada, cloth-config, cloud, damagenumbers, dark-loading-screen, deathcounter, deathlog, distanthorizons, do_a_barrel_roll, dynamic_fps, e4mc_minecraft, eatinganimationid, emi, enhancedblockentities, entityculling, essential, essential-container, essential-loader, fabric-api, fabric-api-base, fabric-api-lookup-api-v1, fabric-biome-api-v1, fabric-block-api-v1, fabric-block-view-api-v2, fabric-blockrenderlayer-v1, fabric-client-tags-api-v1, fabric-command-api-v1, fabric-command-api-v2, fabric-commands-v0, fabric-content-registries-v0, fabric-convention-tags-v1, fabric-convention-tags-v2, fabric-crash-report-info-v1, fabric-data-attachment-api-v1, fabric-data-generation-api-v1, fabric-dimensions-v1, fabric-entity-events-v1, fabric-events-interaction-v0, fabric-game-rule-api-v1, fabric-item-api-v1, fabric-item-group-api-v1, fabric-key-binding-api-v1, fabric-keybindings-v0, fabric-language-kotlin, fabric-lifecycle-events-v1, fabric-loot-api-v2, fabric-loot-api-v3, fabric-message-api-v1, fabric-model-loading-api-v1, fabric-networking-api-v1, fabric-object-builder-api-v1, fabric-particles-v1, fabric-recipe-api-v1, fabric-registry-sync-v0, fabric-renderer-api-v1, fabric-renderer-indigo, fabric-renderer-registries-v1, fabric-rendering-data-attachment-v1, fabric-rendering-fluids-v1, fabric-rendering-v0, fabric-rendering-v1, fabric-resource-conditions-api-v1, fabric-resource-loader-v0, fabric-screen-api-v1, fabric-screen-handler-api-v1, fabric-sound-api-v1, fabric-transfer-api-v1, fabric-transitive-access-wideners-v1, fabricforcelowercase, fabricloader, fabrishot, firstperson, flow, gammautils, hotbarswapper, ias, ichunutil, indium, inventoryprofilesnext, iris, jackfredlib, jackfredlib-base, jackfredlib-colour, jackfredlib-extracommandsourcedata, jackfredlib-gps, jackfredlib-lying, jackfredlib-toasts, jankson, libgui, libipn, libjf, libjf-config-core-v2, libjf-config-network-v0, libjf-config-ui-tiny, libjf-data-v0, libjf-translate-v1, libjf-web-v1, litematica, litematica-printer, lithium, malilib, midnightlib, modmenu, mods-command, nameplate, nochatreports, notenoughanimations, obsidianui, owo, plasmovoice, presencefootsteps, reeses-sodium-options, resourcify, ryoamiclights, satin, scrolltweaks, searchables, shulkerboxtooltip, skinlayers3d, slyde, smoothparticles, smoothscroll, sodium, sodium-extra, sound_physics_remastered, sounds, stendhal, tcdcommons, time_on_display, travelerz, versionchanger, viabackwards, viafabric, viaversion, visuality, wakes, waveycapes, whereisit, wildfire_gender, worldedit, xaerominimap, xaeroworldmap, yet_another_config_lib_v3, zoomify, minecraft:supporteatinganimation, presencefootsteps:default_sound_pack, Essential Assets, essential
[16:23:32] [Worker-Main-8/INFO]: Found unifont_all_no_pua-15.1.05.hex, loading
[16:23:32] [Render thread/INFO]: This line is printed by an cursee mod common mixin!
[16:23:32] [Render thread/INFO]: MC Version: Fabric
[16:23:32] [Worker-Main-8/INFO]: Found unifont_jp_patch-15.1.05.hex, loading
[16:23:33] [Render thread/INFO]: Post-Initializing Mod
[16:23:33] [Render thread/INFO]: Mod Post-Initialized
[16:23:33] [Render thread/INFO]: Loading Xaero's World Map - Stage 2/2
[16:23:34] [Render thread/INFO]: New world map region cache hash code: -1264302
[16:23:34] [Render thread/INFO]: Registered player tracker system: map_synced
[16:23:34] [Render thread/INFO]: Xaero's WorldMap Mod: Xaero's minimap found!
[16:23:34] [Render thread/INFO]: Registered player tracker system: minimap_synced
[16:23:34] [Render thread/INFO]: No Optifine!
[16:23:34] [Render thread/INFO]: Xaero's World Map: No Vivecraft!
[16:23:34] [Render thread/INFO]: Xaero's World Map: Iris found!
[16:23:34] [Render thread/INFO]: Loading Xaero's Minimap - Stage 2/2
[16:23:34] [DefaultDispatcher-worker-8/INFO]: Connected to Discord as fork0n
[16:23:35] [Render thread/INFO]: Registered player tracker system: minimap_synced
[16:23:35] [Render thread/INFO]: Xaero's Minimap: World Map found!
[16:23:35] [Render thread/INFO]: No Optifine!
[16:23:35] [Render thread/INFO]: Xaero's Minimap: No Vivecraft!
[16:23:35] [Render thread/INFO]: Xaero's Minimap: Iris found!
[16:23:35] [Render thread/INFO]: PlayerAnimator not found!
[16:23:35] [Render thread/INFO]: Loaded Vanilla Hands items: []
[16:23:35] [Render thread/INFO]: Loaded Auto Disable items: []
[16:23:44] [Render thread/WARN]: Missing sound for event: minecraft:item.goat_horn.play
[16:23:44] [Render thread/WARN]: Missing sound for event: minecraft:entity.goat.screaming.horn_break
[16:23:44] [Render thread/WARN]: Missing sound for event: sounds:item.hard_metal.hold
[16:23:44] [Render thread/WARN]: Missing sound for event: sounds:item.shiny_metal.hold
[16:23:44] [Render thread/INFO]: OpenAL initialized on device OpenAL Soft on Headphones (Realtek(R) Audio)
[16:23:44] [Render thread/INFO]: Initializing Sound Physics
[16:23:44] [Render thread/INFO]: EFX Extension recognized
[16:23:44] [Render thread/INFO]: Max auxiliary sends: 4
[16:23:44] [Render thread/INFO]: Aux slot 1 created
[16:23:44] [Render thread/INFO]: Aux slot 2 created
[16:23:44] [Render thread/INFO]: Aux slot 3 created
[16:23:44] [Render thread/INFO]: Aux slot 4 created
[16:23:44] [Render thread/INFO]: EFX ready
[16:23:44] [Render thread/INFO]: Sound engine started
[16:23:44] [Render thread/INFO]: Created: 1024x1024x4 minecraft:textures/atlas/blocks.png-atlas
[16:23:44] [Render thread/INFO]: Created: 256x256x4 minecraft:textures/atlas/signs.png-atlas
[16:23:44] [Render thread/INFO]: Created: 512x512x4 minecraft:textures/atlas/shield_patterns.png-atlas
[16:23:44] [Render thread/INFO]: Created: 512x512x4 minecraft:textures/atlas/banner_patterns.png-atlas
[16:23:44] [Render thread/INFO]: Created: 1024x1024x4 minecraft:textures/atlas/armor_trims.png-atlas
[16:23:44] [Render thread/INFO]: Created: 128x64x4 minecraft:textures/atlas/decorated_pot.png-atlas
[16:23:44] [Render thread/INFO]: Created: 256x256x4 minecraft:textures/atlas/chest.png-atlas
[16:23:44] [Render thread/INFO]: Created: 512x256x4 minecraft:textures/atlas/shulker_boxes.png-atlas
[16:23:44] [Render thread/INFO]: Created: 512x256x4 minecraft:textures/atlas/beds.png-atlas
[16:23:44] [Render thread/WARN]: Method overwrite conflict for getCloak in waveycapes.mixins.json:PlayerModelMixin from mod waveycapes, previously written by dev.tr7zw.firstperson.mixins.PlayerModelMixin. Skipping method.
[16:23:45] [Render thread/WARN]: Method overwrite conflict for isHidden in mixins.iris.compat.sodium.json:copyEntity.ModelPartMixin from mod iris, previously written by dev.tr7zw.firstperson.mixins.ModelPartMixin. Skipping method.
[16:23:45] [Render thread/INFO]: Created: 512x512x0 minecraft:textures/atlas/particles.png-atlas
[16:23:45] [Render thread/WARN]: Missing particle sprites: smoothparticles:black_concrete_powder,smoothparticles:blue_concrete_powder,smoothparticles:brown_concrete_powder,smoothparticles:cobbestone,smoothparticles:cyan_concrete_powder,smoothparticles:gray_concrete_powder,smoothparticles:green_concrete_powder,smoothparticles:light_blue_concrete_powder,smoothparticles:light_gray_concrete_powder,smoothparticles:lime_concrete_powder,smoothparticles:magenta_concrete_powder,smoothparticles:orange_concrete_powder,smoothparticles:pink_concrete_powder,smoothparticles:purple_concrete_powder,smoothparticles:red_concrete_powder,smoothparticles:redstone_ore_deepslate,smoothparticles:stripped_bamboo,smoothparticles:white_concrete_powder,smoothparticles:yellow_concrete_powder
[16:23:45] [Render thread/INFO]: Created: 512x256x0 minecraft:textures/atlas/paintings.png-atlas
[16:23:45] [Render thread/INFO]: Created: 512x256x0 minecraft:textures/atlas/mob_effects.png-atlas
[16:23:45] [Render thread/INFO]: Created: 64x64x0 minecraft:textures/atlas/map_decorations.png-atlas
[16:23:45] [Render thread/INFO]: Created: 1024x1024x0 minecraft:textures/atlas/gui.png-atlas
[16:23:45] [Render thread/WARN]: Shader rendertype_entity_translucent_emissive could not find sampler named Sampler2 in the specified shader program.
[16:23:45] [Render thread/INFO]: Shutting down renderer (fabric)
[16:23:45] [Render thread/INFO]: Renderer shutting down.
[16:23:45] [Render thread/INFO]: Starting up renderer (fabric)
[16:23:45] [Render thread/INFO]: Renderer starting up.
[16:23:46] [Render thread/INFO]: Successfully reloaded the minimap shaders!
[16:23:46] [Render thread/INFO]: Successfully reloaded the world map shaders!
[16:23:46] [Render thread/INFO]: Successfully loaded image 'flow:textures/config/bgblurintensity.webp'
[16:23:46] [Render thread/INFO]: Successfully loaded image 'flow:textures/config/bgcolortint.webp'
[16:23:46] [Render thread/INFO]: Successfully loaded image 'flow:textures/config/disablebgblur.webp'
[16:23:46] [Render thread/INFO]: Successfully loaded image 'flow:textures/config/disablebgtint.webp'
[16:23:46] [Render thread/INFO]: Successfully loaded image 'flow:textures/config/easein.webp'
[16:23:46] [Render thread/INFO]: Successfully loaded image 'flow:textures/config/easeout.webp'
[16:23:46] [Render thread/INFO]: Successfully loaded image 'zoomify:textures/demo/third-person-hud.webp'
[16:23:46] [Render thread/INFO]: Successfully loaded image 'zoomify:textures/demo/third-person-view.webp'
[16:23:46] [Render thread/INFO]: Successfully loaded image 'zoomify:textures/demo/zoom-hand.webp'
[16:23:46] [Render thread/INFO]: Successfully loaded image 'zoomify:textures/demo/zoom-world.webp'
[16:23:46] [Render thread/INFO]: Successfully loaded image 'sounds:textures/gui/chat_sounds.webp'
[16:23:46] [Render thread/INFO]: Successfully loaded image 'sounds:textures/gui/discord.webp'
[16:23:46] [Render thread/INFO]: Successfully loaded image 'sounds:textures/gui/event_sounds.webp'
[16:23:46] [Render thread/INFO]: Successfully loaded image 'sounds:textures/gui/kofi.webp'
[16:23:46] [Render thread/INFO]: Successfully loaded image 'sounds:textures/gui/mod_sounds.webp'
[16:23:46] [Render thread/INFO]: Successfully loaded image 'sounds:textures/gui/modrinth.webp'
[16:23:46] [Render thread/INFO]: Successfully loaded image 'sounds:textures/gui/ui_sounds.webp'
[16:23:46] [Render thread/INFO]: Successfully loaded image 'sounds:textures/gui/world_sounds.webp'
[16:23:46] [Render thread/INFO]: This line is printed by an cursee mod mixin from Fabric!
[16:23:46] [Render thread/INFO]: MC Version: Fabric
[16:23:46] [Render thread/INFO]: Creating pipeline for dimension minecraft:overworld
[16:23:46] [Render thread/INFO]: This line is printed by an cursee mod mixin from Fabric!
[16:23:46] [Render thread/INFO]: MC Version: Fabric
[16:23:48] [Render thread/WARN]: Shader cabb2374eda405e66b897908637abd1da5deac52 could not find uniform named subpixel_amount in the specified shader program.
[16:23:52] [Render thread/INFO]: This line is printed by an cursee mod mixin from Fabric!
[16:23:52] [Render thread/INFO]: MC Version: Fabric
[16:23:55] [Render thread/INFO]: Stopping!
[16:23:55] [CullThread/INFO]: [STDOUT]: Shutting down culling task!
[16:23:55] [Render thread/INFO]: IAS: Closing IAS...
[16:23:55] [Render thread/INFO]: IAS: Shutting down IAS executor...
[16:23:55] [Render thread/INFO]: IAS: IAS executor shut down.
[16:23:55] [Render thread/INFO]: IAS: IAS has been unloaded.
[16:23:55] [Render thread/INFO]: This line is printed by an cursee mod mixin from Fabric!
[16:23:55] [Render thread/INFO]: MC Version: Fabric
[16:23:55] [Render thread/INFO]: Shutting down
[16:23:55] [Render thread/INFO]: Shutting down renderer (fabric)
[16:23:55] [Render thread/INFO]: Renderer shutting down.
